[INFO] Scanning for projects...
[INFO]                                                                         
[INFO] ------------------------------------------------------------------------
[INFO] Building Spring Boot Data Redis Sample 2.0.0.BUILD-SNAPSHOT
[INFO] ------------------------------------------------------------------------
[INFO] Downloading: file:///Users/fjabbari/.m2/repository/org/springframework/data/spring-data-redis/1.8.0.BUILD-SNAPSHOT/maven-metadata.xml
[INFO] Downloading: file:///Users/fjabbari/.m2/repository/org/springframework/data/spring-data-keyvalue/1.2.0.BUILD-SNAPSHOT/maven-metadata.xml
[INFO] Downloading: file:///Users/fjabbari/.m2/repository/org/springframework/spring-oxm/5.0.0.BUILD-SNAPSHOT/maven-metadata.xml
[INFO] 
[INFO] --- maven-enforcer-plugin:1.4:enforce (enforce-rules) @ spring-boot-sample-data-redis ---
[INFO] 
[INFO] --- maven-resources-plugin:2.6:resources (default-resources) @ spring-boot-sample-data-redis ---
[INFO] Using 'UTF-8' encoding to copy filtered resources.
[INFO] skip non existing resourceDirectory /Users/fjabbari/RepoSpringBoot_spring-projects_spring-boot_goodExamples_github_good/spring-boot/spring-boot-samples/spring-boot-sample-data-redis/src/main/resources
[INFO] skip non existing resourceDirectory /Users/fjabbari/RepoSpringBoot_spring-projects_spring-boot_goodExamples_github_good/spring-boot/spring-boot-samples/spring-boot-sample-data-redis/src/main/resources
[INFO] 
[INFO] --- maven-compiler-plugin:3.1:compile (default-compile) @ spring-boot-sample-data-redis ---
[INFO] Changes detected - recompiling the module!
[INFO] Compiling 1 source file to /Users/fjabbari/RepoSpringBoot_spring-projects_spring-boot_goodExamples_github_good/spring-boot/spring-boot-samples/spring-boot-sample-data-redis/target/classes
[INFO] 
[INFO] --- maven-resources-plugin:2.6:testResources (default-testResources) @ spring-boot-sample-data-redis ---
[INFO] Using 'UTF-8' encoding to copy filtered resources.
[INFO] skip non existing resourceDirectory /Users/fjabbari/RepoSpringBoot_spring-projects_spring-boot_goodExamples_github_good/spring-boot/spring-boot-samples/spring-boot-sample-data-redis/src/test/resources
[INFO] 
[INFO] --- maven-compiler-plugin:3.1:testCompile (default-testCompile) @ spring-boot-sample-data-redis ---
[INFO] Changes detected - recompiling the module!
[INFO] Compiling 1 source file to /Users/fjabbari/RepoSpringBoot_spring-projects_spring-boot_goodExamples_github_good/spring-boot/spring-boot-samples/spring-boot-sample-data-redis/target/test-classes
[INFO] 
[INFO] --- maven-surefire-plugin:2.18.1:test (default-test) @ spring-boot-sample-data-redis ---
[INFO] Surefire report directory: /Users/fjabbari/RepoSpringBoot_spring-projects_spring-boot_goodExamples_github_good/spring-boot/spring-boot-samples/spring-boot-sample-data-redis/target/surefire-reports

-------------------------------------------------------
 T E S T S
-------------------------------------------------------
Running sample.data.redis.SampleRedisApplicationTests

  .   ____          _            __ _ _
 /\\ / ___'_ __ _ _(_)_ __  __ _ \ \ \ \
( ( )\___ | '_ | '_| | '_ \/ _` | \ \ \ \
 \\/  ___)| |_)| | | | | || (_| |  ) ) ) )
  '  |____| .__|_| |_|_| |_\__, | / / / /
 =========|_|==============|___/=/_/_/_/
 :: Spring Boot ::  (v2.0.0.BUILD-SNAPSHOT)

2016-12-11 19:24:50.671  INFO 18209 --- [           main] s.data.redis.SampleRedisApplication      : Starting SampleRedisApplication on Freds-MacBook-Pro-2.local with PID 18209 (started by fjabbari in /Users/fjabbari/RepoSpringBoot_spring-projects_spring-boot_goodExamples_github_good/spring-boot/spring-boot-samples/spring-boot-sample-data-redis)
2016-12-11 19:24:50.673  INFO 18209 --- [           main] s.data.redis.SampleRedisApplication      : No active profile set, falling back to default profiles: default
2016-12-11 19:24:50.710  INFO 18209 --- [           main] s.c.a.AnnotationConfigApplicationContext : Refreshing org.springframework.context.annotation.AnnotationConfigApplicationContext@61230f6a: startup date [Sun Dec 11 19:24:50 CST 2016]; root of context hierarchy
2016-12-11 19:24:51.446  INFO 18209 --- [           main] o.s.j.e.a.AnnotationMBeanExporter        : Registering beans for JMX exposure on startup
2016-12-11 19:24:51.478  INFO 18209 --- [           main] utoConfigurationReportLoggingInitializer : 

Error starting ApplicationContext. To display the auto-configuration report re-run your application with 'debug' enabled.
2016-12-11 19:24:51.486 ERROR 18209 --- [           main] o.s.boot.SpringApplication               : Application startup failed

java.lang.IllegalStateException: Failed to execute CommandLineRunner
	at org.springframework.boot.SpringApplication.callRunner(SpringApplication.java:778) [spring-boot-2.0.0.BUILD-SNAPSHOT.jar:2.0.0.BUILD-SNAPSHOT]
	at org.springframework.boot.SpringApplication.callRunners(SpringApplication.java:759) [spring-boot-2.0.0.BUILD-SNAPSHOT.jar:2.0.0.BUILD-SNAPSHOT]
	at org.springframework.boot.SpringApplication.afterRefresh(SpringApplication.java:746) [spring-boot-2.0.0.BUILD-SNAPSHOT.jar:2.0.0.BUILD-SNAPSHOT]
	at org.springframework.boot.SpringApplication.run(SpringApplication.java:314) [spring-boot-2.0.0.BUILD-SNAPSHOT.jar:2.0.0.BUILD-SNAPSHOT]
	at org.springframework.boot.SpringApplication.run(SpringApplication.java:1161) [spring-boot-2.0.0.BUILD-SNAPSHOT.jar:2.0.0.BUILD-SNAPSHOT]
	at org.springframework.boot.SpringApplication.run(SpringApplication.java:1150) [spring-boot-2.0.0.BUILD-SNAPSHOT.jar:2.0.0.BUILD-SNAPSHOT]
	at sample.data.redis.SampleRedisApplication.main(SampleRedisApplication.java:44) [classes/:na]
	at sample.data.redis.SampleRedisApplicationTests.testDefaultSettings(SampleRedisApplicationTests.java:40) [test-classes/:na]
	at sun.reflect.NativeMethodAccessorImpl.invoke0(Native Method) ~[na:1.8.0_92]
	at sun.reflect.NativeMethodAccessorImpl.invoke(NativeMethodAccessorImpl.java:62) ~[na:1.8.0_92]
	at sun.reflect.DelegatingMethodAccessorImpl.invoke(DelegatingMethodAccessorImpl.java:43) ~[na:1.8.0_92]
	at java.lang.reflect.Method.invoke(Method.java:498) ~[na:1.8.0_92]
	at org.junit.runners.model.FrameworkMethod$1.runReflectiveCall(FrameworkMethod.java:50) [junit-4.12.jar:4.12]
	at org.junit.internal.runners.model.ReflectiveCallable.run(ReflectiveCallable.java:12) [junit-4.12.jar:4.12]
	at org.junit.runners.model.FrameworkMethod.invokeExplosively(FrameworkMethod.java:47) [junit-4.12.jar:4.12]
	at org.junit.internal.runners.statements.InvokeMethod.evaluate(InvokeMethod.java:17) [junit-4.12.jar:4.12]
	at org.springframework.boot.test.rule.OutputCapture$1.evaluate(OutputCapture.java:61) [spring-boot-test-2.0.0.BUILD-SNAPSHOT.jar:2.0.0.BUILD-SNAPSHOT]
	at org.junit.rules.RunRules.evaluate(RunRules.java:20) [junit-4.12.jar:4.12]
	at org.junit.runners.ParentRunner.runLeaf(ParentRunner.java:325) [junit-4.12.jar:4.12]
	at org.junit.runners.BlockJUnit4ClassRunner.runChild(BlockJUnit4ClassRunner.java:78) [junit-4.12.jar:4.12]
	at org.junit.runners.BlockJUnit4ClassRunner.runChild(BlockJUnit4ClassRunner.java:57) [junit-4.12.jar:4.12]
	at org.junit.runners.ParentRunner$3.run(ParentRunner.java:290) [junit-4.12.jar:4.12]
	at org.junit.runners.ParentRunner$1.schedule(ParentRunner.java:71) [junit-4.12.jar:4.12]
	at org.junit.runners.ParentRunner.runChildren(ParentRunner.java:288) [junit-4.12.jar:4.12]
	at org.junit.runners.ParentRunner.access$000(ParentRunner.java:58) [junit-4.12.jar:4.12]
	at org.junit.runners.ParentRunner$2.evaluate(ParentRunner.java:268) [junit-4.12.jar:4.12]
	at org.junit.runners.ParentRunner.run(ParentRunner.java:363) [junit-4.12.jar:4.12]
	at org.apache.maven.surefire.junit4.JUnit4Provider.execute(JUnit4Provider.java:283) [surefire-junit4-2.18.1.jar:2.18.1]
	at org.apache.maven.surefire.junit4.JUnit4Provider.executeWithRerun(JUnit4Provider.java:173) [surefire-junit4-2.18.1.jar:2.18.1]
	at org.apache.maven.surefire.junit4.JUnit4Provider.executeTestSet(JUnit4Provider.java:153) [surefire-junit4-2.18.1.jar:2.18.1]
	at org.apache.maven.surefire.junit4.JUnit4Provider.invoke(JUnit4Provider.java:128) [surefire-junit4-2.18.1.jar:2.18.1]
	at org.apache.maven.surefire.booter.ForkedBooter.invokeProviderInSameClassLoader(ForkedBooter.java:203) [surefire-booter-2.18.1.jar:2.18.1]
	at org.apache.maven.surefire.booter.ForkedBooter.runSuitesInProcess(ForkedBooter.java:155) [surefire-booter-2.18.1.jar:2.18.1]
	at org.apache.maven.surefire.booter.ForkedBooter.main(ForkedBooter.java:103) [surefire-booter-2.18.1.jar:2.18.1]
Caused by: org.springframework.data.redis.RedisConnectionFailureException: Cannot get Jedis connection; nested exception is redis.clients.jedis.exceptions.JedisConnectionException: Could not get a resource from the pool
	at org.springframework.data.redis.connection.jedis.JedisConnectionFactory.fetchJedisConnector(JedisConnectionFactory.java:204) ~[spring-data-redis-1.8.0.BUILD-SNAPSHOT.jar:na]
	at org.springframework.data.redis.connection.jedis.JedisConnectionFactory.getConnection(JedisConnectionFactory.java:348) ~[spring-data-redis-1.8.0.BUILD-SNAPSHOT.jar:na]
	at org.springframework.data.redis.core.RedisConnectionUtils.doGetConnection(RedisConnectionUtils.java:129) ~[spring-data-redis-1.8.0.BUILD-SNAPSHOT.jar:na]
	at org.springframework.data.redis.core.RedisConnectionUtils.getConnection(RedisConnectionUtils.java:92) ~[spring-data-redis-1.8.0.BUILD-SNAPSHOT.jar:na]
	at org.springframework.data.redis.core.RedisConnectionUtils.getConnection(RedisConnectionUtils.java:79) ~[spring-data-redis-1.8.0.BUILD-SNAPSHOT.jar:na]
	at org.springframework.data.redis.core.RedisTemplate.execute(RedisTemplate.java:194) ~[spring-data-redis-1.8.0.BUILD-SNAPSHOT.jar:na]
	at org.springframework.data.redis.core.RedisTemplate.execute(RedisTemplate.java:169) ~[spring-data-redis-1.8.0.BUILD-SNAPSHOT.jar:na]
	at org.springframework.data.redis.core.RedisTemplate.hasKey(RedisTemplate.java:658) ~[spring-data-redis-1.8.0.BUILD-SNAPSHOT.jar:na]
	at sample.data.redis.SampleRedisApplication.run(SampleRedisApplication.java:36) [classes/:na]
	at org.springframework.boot.SpringApplication.callRunner(SpringApplication.java:775) [spring-boot-2.0.0.BUILD-SNAPSHOT.jar:2.0.0.BUILD-SNAPSHOT]
	... 33 common frames omitted
Caused by: redis.clients.jedis.exceptions.JedisConnectionException: Could not get a resource from the pool
	at redis.clients.util.Pool.getResource(Pool.java:53) ~[jedis-2.9.0.jar:na]
	at redis.clients.jedis.JedisPool.getResource(JedisPool.java:226) ~[jedis-2.9.0.jar:na]
	at redis.clients.jedis.JedisPool.getResource(JedisPool.java:16) ~[jedis-2.9.0.jar:na]
	at org.springframework.data.redis.connection.jedis.JedisConnectionFactory.fetchJedisConnector(JedisConnectionFactory.java:194) ~[spring-data-redis-1.8.0.BUILD-SNAPSHOT.jar:na]
	... 42 common frames omitted
Caused by: redis.clients.jedis.exceptions.JedisConnectionException: java.net.ConnectException: Connection refused
	at redis.clients.jedis.Connection.connect(Connection.java:207) ~[jedis-2.9.0.jar:na]
	at redis.clients.jedis.BinaryClient.connect(BinaryClient.java:93) ~[jedis-2.9.0.jar:na]
	at redis.clients.jedis.BinaryJedis.connect(BinaryJedis.java:1767) ~[jedis-2.9.0.jar:na]
	at redis.clients.jedis.JedisFactory.makeObject(JedisFactory.java:106) ~[jedis-2.9.0.jar:na]
	at org.apache.commons.pool2.impl.GenericObjectPool.create(GenericObjectPool.java:868) ~[commons-pool2-2.4.2.jar:2.4.2]
	at org.apache.commons.pool2.impl.GenericObjectPool.borrowObject(GenericObjectPool.java:435) ~[commons-pool2-2.4.2.jar:2.4.2]
	at org.apache.commons.pool2.impl.GenericObjectPool.borrowObject(GenericObjectPool.java:363) ~[commons-pool2-2.4.2.jar:2.4.2]
	at redis.clients.util.Pool.getResource(Pool.java:49) ~[jedis-2.9.0.jar:na]
	... 45 common frames omitted
Caused by: java.net.ConnectException: Connection refused
	at java.net.PlainSocketImpl.socketConnect(Native Method) ~[na:1.8.0_92]
	at java.net.AbstractPlainSocketImpl.doConnect(AbstractPlainSocketImpl.java:350) ~[na:1.8.0_92]
	at java.net.AbstractPlainSocketImpl.connectToAddress(AbstractPlainSocketImpl.java:206) ~[na:1.8.0_92]
	at java.net.AbstractPlainSocketImpl.connect(AbstractPlainSocketImpl.java:188) ~[na:1.8.0_92]
	at java.net.SocksSocketImpl.connect(SocksSocketImpl.java:392) ~[na:1.8.0_92]
	at java.net.Socket.connect(Socket.java:589) ~[na:1.8.0_92]
	at redis.clients.jedis.Connection.connect(Connection.java:184) ~[jedis-2.9.0.jar:na]
	... 52 common frames omitted

2016-12-11 19:24:51.487  INFO 18209 --- [           main] s.c.a.AnnotationConfigApplicationContext : Closing org.springframework.context.annotation.AnnotationConfigApplicationContext@61230f6a: startup date [Sun Dec 11 19:24:50 CST 2016]; root of context hierarchy
2016-12-11 19:24:51.488  INFO 18209 --- [           main] o.s.j.e.a.AnnotationMBeanExporter        : Unregistering JMX-exposed beans on shutdown
Failed to execute CommandLineRunner
Cannot get Jedis connection; nested exception is redis.clients.jedis.exceptions.JedisConnectionException: Could not get a resource from the pool
Tests run: 1, Failures: 0, Errors: 0, Skipped: 0, Time elapsed: 1.193 sec - in sample.data.redis.SampleRedisApplicationTests

Results :

Tests run: 1, Failures: 0, Errors: 0, Skipped: 0

[INFO] 
[INFO] --- maven-jar-plugin:3.0.2:jar (default-jar) @ spring-boot-sample-data-redis ---
[INFO] Building jar: /Users/fjabbari/RepoSpringBoot_spring-projects_spring-boot_goodExamples_github_good/spring-boot/spring-boot-samples/spring-boot-sample-data-redis/target/spring-boot-sample-data-redis-2.0.0.BUILD-SNAPSHOT.jar
[INFO] 
[INFO] --- spring-boot-maven-plugin:2.0.0.BUILD-SNAPSHOT:repackage (default) @ spring-boot-sample-data-redis ---
[INFO] ------------------------------------------------------------------------
[INFO] BUILD SUCCESS
[INFO] ------------------------------------------------------------------------
[INFO] Total time: 3.584 s
[INFO] Finished at: 2016-12-11T19:24:51-06:00
[INFO] Final Memory: 30M/292M
[INFO] ------------------------------------------------------------------------
